<?xml version="1.0" encoding="UTF-8"?>
<!-- Generated by org.testng.reporters.JUnitReportReporter -->
<testsuite hostname="MSI" failures="0" tests="1" name="com.nopecommercev1.testCases.TC_logintest_001" time="13.134" errors="0" timestamp="2022-01-03T00:02:14 IST" skipped="0">
  <testcase classname="com.nopecommercev1.testCases.TC_logintest_001" name="LoginTest" time="13.134"/>
  <system-out/>
</testsuite> <!-- com.nopecommercev1.testCases.TC_logintest_001 -->
